This file contains any messages produced by compilers while
running configure, to aid debugging if configure makes a mistake.

It was created by pkg-config configure 0.29.2, which was
generated by GNU Autoconf 2.69.  Invocation command line was

  $ ./configure --with-internal-glib

## --------- ##
## Platform. ##
## --------- ##

hostname = JF5300-B11A165T
uname -m = x86_64
uname -r = 5.4.7-200.fc31.x86_64
uname -s = Linux
uname -v = #1 SMP Tue Dec 31 22:25:12 UTC 2019

/usr/bin/uname -p = x86_64
/bin/uname -X     = unknown

/bin/arch              = x86_64
/usr/bin/arch -k       = unknown
/usr/convex/getsysinfo = unknown
/usr/bin/hostinfo      = unknown
/bin/machine           = unknown
/usr/bin/oslevel       = unknown
/bin/universe          = unknown

PATH: /usr/local/sbin
PATH: /usr/local/bin
PATH: /usr/sbin
PATH: /usr/bin
PATH: /root/bin
PATH: /root/bin


## ----------- ##
## Core tests. ##
## ----------- ##

configure:2324: checking for a BSD-compatible install
configure:2392: result: /usr/bin/install -c
configure:2403: checking whether build environment is sane
configure:2458: result: yes
configure:2607: checking for a thread-safe mkdir -p
configure:2646: result: /usr/bin/mkdir -p
configure:2653: checking for gawk
configure:2669: found /usr/bin/gawk
configure:2680: result: gawk
configure:2691: checking whether make sets $(MAKE)
configure:2713: result: yes
configure:2742: checking whether make supports nested variables
configure:2759: result: yes
configure:2916: checking build system type
configure:2930: result: x86_64-unknown-linux-gnu
configure:2950: checking host system type
configure:2963: result: x86_64-unknown-linux-gnu
configure:3004: checking how to print strings
configure:3031: result: printf
configure:3064: checking for style of include used by make
configure:3092: result: GNU
configure:3163: checking for gcc
configure:3179: found /usr/bin/gcc
configure:3190: result: gcc
configure:3419: checking for C compiler version
configure:3428: gcc --version >&5
gcc (GCC) 9.2.1 20190827 (Red Hat 9.2.1-1)
Copyright (C) 2019 Free Software Foundation, Inc.
This is free software; see the source for copying conditions.  There is NO
warranty; not even for MERCHANTABILITY or FITNESS FOR A PARTICULAR PURPOSE.

configure:3439: $? = 0
configure:3428: gcc -v >&5
Using built-in specs.
COLLECT_GCC=gcc
COLLECT_LTO_WRAPPER=/usr/libexec/gcc/x86_64-redhat-linux/9/lto-wrapper
OFFLOAD_TARGET_NAMES=nvptx-none
OFFLOAD_TARGET_DEFAULT=1
Target: x86_64-redhat-linux
Configured with: ../configure --enable-bootstrap --enable-languages=c,c++,fortran,objc,obj-c++,ada,go,d,lto --prefix=/usr --mandir=/usr/share/man --infodir=/usr/share/info --with-bugurl=http://bugzilla.redhat.com/bugzilla --enable-shared --enable-threads=posix --enable-checking=release --enable-multilib --with-system-zlib --enable-__cxa_atexit --disable-libunwind-exceptions --enable-gnu-unique-object --enable-linker-build-id --with-gcc-major-version-only --with-linker-hash-style=gnu --enable-plugin --enable-initfini-array --with-isl --enable-offload-targets=nvptx-none --without-cuda-driver --enable-gnu-indirect-function --enable-cet --with-tune=generic --with-arch_32=i686 --build=x86_64-redhat-linux
Thread model: posix
gcc version 9.2.1 20190827 (Red Hat 9.2.1-1) (GCC) 
configure:3439: $? = 0
configure:3428: gcc -V >&5
gcc: error: unrecognized command line option '-V'
gcc: fatal error: no input files
compilation terminated.
configure:3439: $? = 1
configure:3428: gcc -qversion >&5
gcc: error: unrecognized command line option '-qversion'; did you mean '--version'?
gcc: fatal error: no input files
compilation terminated.
configure:3439: $? = 1
configure:3459: checking whether the C compiler works
configure:3481: gcc    conftest.c  >&5
configure:3485: $? = 0
configure:3533: result: yes
configure:3536: checking for C compiler default output file name
configure:3538: result: a.out
configure:3544: checking for suffix of executables
configure:3551: gcc -o conftest    conftest.c  >&5
configure:3555: $? = 0
configure:3577: result: 
configure:3599: checking whether we are cross compiling
configure:3607: gcc -o conftest    conftest.c  >&5
configure:3611: $? = 0
configure:3618: ./conftest
configure:3622: $? = 0
configure:3610: result: no
configure:3615: checking for suffix of object files
configure:3637: gcc -c   conftest.c >&5
configure:3641: $? = 0
configure:3662: result: o
configure:3666: checking whether we are using the GNU C compiler
configure:3685: gcc -c   conftest.c >&5
configure:3685: $? = 0
configure:3694: result: yes
configure:3703: checking whether gcc accepts -g
configure:3723: gcc -c -g  conftest.c >&5
configure:3723: $? = 0
configure:3764: result: yes
configure:3781: checking for gcc option to accept ISO C89
configure:3844: gcc  -c -g -O2  conftest.c >&5
configure:3844: $? = 0
configure:3857: result: none needed
configure:3882: checking whether gcc understands -c and -o together
configure:3904: gcc -c conftest.c -o conftest2.o
configure:3907: $? = 0
configure:3904: gcc -c conftest.c -o conftest2.o
configure:3907: $? = 0
configure:3919: result: yes
configure:3938: checking dependency style of gcc
configure:4049: result: gcc3
configure:4064: checking for a sed that does not truncate output
configure:4128: result: /usr/bin/sed
configure:4146: checking for grep that handles long lines and -e
configure:4204: result: /usr/bin/grep
configure:4209: checking for egrep
configure:4271: result: /usr/bin/grep -E
configure:4276: checking for fgrep
configure:4338: result: /usr/bin/grep -F
configure:4373: checking for ld used by gcc
configure:4440: result: /usr/bin/ld
configure:4447: checking if the linker (/usr/bin/ld) is GNU ld
configure:4462: result: yes
configure:4474: checking for BSD- or MS-compatible name lister (nm)
configure:4528: result: /usr/bin/nm -B
configure:4658: checking the name lister (/usr/bin/nm -B) interface
configure:4665: gcc -c -g -O2  conftest.c >&5
configure:4668: /usr/bin/nm -B "conftest.o"
configure:4671: output
0000000000000000 B some_variable
configure:4672: result: BSD nm
configure:4675: checking whether ln -s works
configure:4679: result: yes
configure:4687: checking the maximum length of command line arguments
configure:4818: result: 1572864
configure:4866: checking how to convert x86_64-unknown-linux-gnu file names to x86_64-unknown-linux-gnu format
configure:4906: result: func_convert_file_noop
configure:4913: checking how to convert x86_64-unknown-linux-gnu file names to toolchain format
configure:4933: result: func_convert_file_noop
configure:4940: checking for /usr/bin/ld option to reload object files
configure:4947: result: -r
configure:5021: checking for objdump
configure:5037: found /usr/bin/objdump
configure:5048: result: objdump
configure:5080: checking how to recognize dependent libraries
configure:5280: result: pass_all
configure:5365: checking for dlltool
configure:5395: result: no
configure:5425: checking how to associate runtime and link libraries
configure:5452: result: printf %s\n
configure:5513: checking for ar
configure:5529: found /usr/bin/ar
configure:5540: result: ar
configure:5577: checking for archiver @FILE support
configure:5594: gcc -c -g -O2  conftest.c >&5
configure:5594: $? = 0
configure:5597: ar cru libconftest.a @conftest.lst >&5
configure:5600: $? = 0
configure:5605: ar cru libconftest.a @conftest.lst >&5
ar: conftest.o: No such file or directory
configure:5608: $? = 1
configure:5607: result: @
configure:5665: checking for strip
configure:5681: found /usr/bin/strip
configure:5692: result: strip
configure:5764: checking for ranlib
configure:5780: found /usr/bin/ranlib
configure:5791: result: ranlib
configure:5893: checking command to parse /usr/bin/nm -B output from gcc object
configure:6046: gcc -c -g -O2  conftest.c >&5
configure:6049: $? = 0
configure:6053: /usr/bin/nm -B conftest.o \| sed -n -e 's/^.*[ ]\([ABCDGIRSTW][ABCDGIRSTW]*\)[ ][ ]*\([_A-Za-z][_A-Za-z0-9]*\)$/\1 \2 \2/p' | sed '/ __gnu_lto/d' \> conftest.nm
configure:6056: $? = 0
configure:6122: gcc -o conftest -g -O2   conftest.c conftstm.o >&5
configure:6125: $? = 0
configure:6163: result: ok
configure:6210: checking for sysroot
configure:6240: result: no
configure:6247: checking for a working dd
configure:6285: result: /usr/bin/dd
configure:6289: checking how to truncate binary pipes
configure:6304: result: /usr/bin/dd bs=4096 count=1
configure:6440: gcc -c -g -O2  conftest.c >&5
configure:6443: $? = 0
configure:6633: checking for mt
configure:6663: result: no
configure:6683: checking if : is a manifest tool
configure:6689: : '-?'
configure:6697: result: no
configure:7374: checking how to run the C preprocessor
configure:7405: gcc -E  conftest.c
configure:7405: $? = 0
configure:7419: gcc -E  conftest.c
conftest.c:11:10: fatal error: ac_nonexistent.h: No such file or directory
   11 | #include <ac_nonexistent.h>
      |          ^~~~~~~~~~~~~~~~~~
compilation terminated.
configure:7419: $? = 1
configure: failed program was:
| /* confdefs.h */
| #define PACKAGE_NAME "pkg-config"
| #define PACKAGE_TARNAME "pkg-config"
| #define PACKAGE_VERSION "0.29.2"
| #define PACKAGE_STRING "pkg-config 0.29.2"
| #define PACKAGE_BUGREPORT "https://bugs.freedesktop.org/enter_bug.cgi?product=pkg-config"
| #define PACKAGE_URL ""
| #define PACKAGE "pkg-config"
| #define VERSION "0.29.2"
| /* end confdefs.h.  */
| #include <ac_nonexistent.h>
configure:7444: result: gcc -E
configure:7464: gcc -E  conftest.c
configure:7464: $? = 0
configure:7478: gcc -E  conftest.c
conftest.c:11:10: fatal error: ac_nonexistent.h: No such file or directory
   11 | #include <ac_nonexistent.h>
      |          ^~~~~~~~~~~~~~~~~~
compilation terminated.
configure:7478: $? = 1
configure: failed program was:
| /* confdefs.h */
| #define PACKAGE_NAME "pkg-config"
| #define PACKAGE_TARNAME "pkg-config"
| #define PACKAGE_VERSION "0.29.2"
| #define PACKAGE_STRING "pkg-config 0.29.2"
| #define PACKAGE_BUGREPORT "https://bugs.freedesktop.org/enter_bug.cgi?product=pkg-config"
| #define PACKAGE_URL ""
| #define PACKAGE "pkg-config"
| #define VERSION "0.29.2"
| /* end confdefs.h.  */
| #include <ac_nonexistent.h>
configure:7507: checking for ANSI C header files
configure:7527: gcc -c -g -O2  conftest.c >&5
configure:7527: $? = 0
configure:7600: gcc -o conftest -g -O2   conftest.c  >&5
configure:7600: $? = 0
configure:7600: ./conftest
configure:7600: $? = 0
configure:7611: result: yes
configure:7624: checking for sys/types.h
configure:7624: gcc -c -g -O2  conftest.c >&5
configure:7624: $? = 0
configure:7624: result: yes
configure:7624: checking for sys/stat.h
configure:7624: gcc -c -g -O2  conftest.c >&5
configure:7624: $? = 0
configure:7624: result: yes
configure:7624: checking for stdlib.h
configure:7624: gcc -c -g -O2  conftest.c >&5
configure:7624: $? = 0
configure:7624: result: yes
configure:7624: checking for string.h
configure:7624: gcc -c -g -O2  conftest.c >&5
configure:7624: $? = 0
configure:7624: result: yes
configure:7624: checking for memory.h
configure:7624: gcc -c -g -O2  conftest.c >&5
configure:7624: $? = 0
configure:7624: result: yes
configure:7624: checking for strings.h
configure:7624: gcc -c -g -O2  conftest.c >&5
configure:7624: $? = 0
configure:7624: result: yes
configure:7624: checking for inttypes.h
configure:7624: gcc -c -g -O2  conftest.c >&5
configure:7624: $? = 0
configure:7624: result: yes
configure:7624: checking for stdint.h
configure:7624: gcc -c -g -O2  conftest.c >&5
configure:7624: $? = 0
configure:7624: result: yes
configure:7624: checking for unistd.h
configure:7624: gcc -c -g -O2  conftest.c >&5
configure:7624: $? = 0
configure:7624: result: yes
configure:7638: checking for dlfcn.h
configure:7638: gcc -c -g -O2  conftest.c >&5
configure:7638: $? = 0
configure:7638: result: yes
configure:7894: checking for objdir
configure:7909: result: .libs
configure:8169: checking if gcc supports -fno-rtti -fno-exceptions
configure:8187: gcc -c -g -O2  -fno-rtti -fno-exceptions conftest.c >&5
cc1: warning: command line option '-fno-rtti' is valid for C++/D/ObjC++ but not for C
configure:8191: $? = 0
configure:8204: result: no
configure:8562: checking for gcc option to produce PIC
configure:8569: result: -fPIC -DPIC
configure:8577: checking if gcc PIC flag -fPIC -DPIC works
configure:8595: gcc -c -g -O2  -fPIC -DPIC -DPIC conftest.c >&5
configure:8599: $? = 0
configure:8612: result: yes
configure:8641: checking if gcc static flag -static works
configure:8669: result: no
configure:8684: checking if gcc supports -c -o file.o
configure:8705: gcc -c -g -O2  -o out/conftest2.o conftest.c >&5
configure:8709: $? = 0
configure:8731: result: yes
configure:8739: checking if gcc supports -c -o file.o
configure:8786: result: yes
configure:8819: checking whether the gcc linker (/usr/bin/ld -m elf_x86_64) supports shared libraries
configure:10078: result: yes
configure:10115: checking whether -lc should be explicitly linked in
configure:10123: gcc -c -g -O2  conftest.c >&5
configure:10126: $? = 0
configure:10141: gcc -shared  -fPIC -DPIC conftest.o  -v -Wl,-soname -Wl,conftest -o conftest 2\>\&1 \| /usr/bin/grep  -lc  \>/dev/null 2\>\&1
configure:10144: $? = 0
configure:10158: result: no
configure:10318: checking dynamic linker characteristics
configure:10899: gcc -o conftest -g -O2   -Wl,-rpath -Wl,/foo conftest.c  >&5
configure:10899: $? = 0
configure:11139: result: GNU/Linux ld.so
configure:11261: checking how to hardcode library paths into programs
configure:11286: result: immediate
configure:11834: checking whether stripping libraries is possible
configure:11839: result: yes
configure:11874: checking if libtool supports shared libraries
configure:11876: result: yes
configure:11879: checking whether to build shared libraries
configure:11904: result: yes
configure:11907: checking whether to build static libraries
configure:11911: result: yes
configure:8749: checking whether make supports nested variables
configure:8766: result: yes
configure:8785: checking for special C compiler options needed for large files
configure:8830: result: no
configure:8836: checking for _FILE_OFFSET_BITS value needed for large files
configure:8861: gcc -c -g -O2  conftest.c >&5
configure:8861: $? = 0
configure:8893: result: no
configure:9027: checking for gcc
configure:9054: result: gcc
configure:9283: checking for C compiler version
configure:9292: gcc --version >&5
gcc (GCC) 9.2.1 20190827 (Red Hat 9.2.1-1)
Copyright (C) 2019 Free Software Foundation, Inc.
This is free software; see the source for copying conditions.  There is NO
warranty; not even for MERCHANTABILITY or FITNESS FOR A PARTICULAR PURPOSE.

configure:9303: $? = 0
configure:9292: gcc -v >&5
Using built-in specs.
COLLECT_GCC=gcc
COLLECT_LTO_WRAPPER=/usr/libexec/gcc/x86_64-redhat-linux/9/lto-wrapper
OFFLOAD_TARGET_NAMES=nvptx-none
OFFLOAD_TARGET_DEFAULT=1
Target: x86_64-redhat-linux
Configured with: ../configure --enable-bootstrap --enable-languages=c,c++,fortran,objc,obj-c++,ada,go,d,lto --prefix=/usr --mandir=/usr/share/man --infodir=/usr/share/info --with-bugurl=http://bugzilla.redhat.com/bugzilla --enable-shared --enable-threads=posix --enable-checking=release --enable-multilib --with-system-zlib --enable-__cxa_atexit --disable-libunwind-exceptions --enable-gnu-unique-object --enable-linker-build-id --with-gcc-major-version-only --with-linker-hash-style=gnu --enable-plugin --enable-initfini-array --with-isl --enable-offload-targets=nvptx-none --without-cuda-driver --enable-gnu-indirect-function --enable-cet --with-tune=generic --with-arch_32=i686 --build=x86_64-redhat-linux
Thread model: posix
gcc version 9.2.1 20190827 (Red Hat 9.2.1-1) (GCC) 
configure:9303: $? = 0
configure:9292: gcc -V >&5
gcc: error: unrecognized command line option '-V'
gcc: fatal error: no input files
compilation terminated.
configure:9303: $? = 1
configure:9292: gcc -qversion >&5
gcc: error: unrecognized command line option '-qversion'; did you mean '--version'?
gcc: fatal error: no input files
compilation terminated.
configure:9303: $? = 1
configure:9307: checking whether we are using the GNU C compiler
configure:9335: result: yes
configure:9344: checking whether gcc accepts -g
configure:9405: result: yes
configure:9422: checking for gcc option to accept ISO C89
configure:9498: result: none needed
configure:9523: checking whether gcc understands -c and -o together
configure:9560: result: yes
configure:9579: checking dependency style of gcc
configure:9690: result: gcc3
configure:9707: checking for ln
configure:9723: found /usr/bin/ln
configure:9735: result: ln
configure:9747: checking dirent.h usability
configure:9747: gcc -c -g -O2  conftest.c >&5
configure:9747: $? = 0
configure:9747: result: yes
configure:9747: checking dirent.h presence
configure:9747: gcc -E  conftest.c
configure:9747: $? = 0
configure:9747: result: yes
configure:9747: checking for dirent.h
configure:9747: result: yes
configure:9747: checking for unistd.h
configure:9747: result: yes
configure:9747: checking sys/wait.h usability
configure:9747: gcc -c -g -O2  conftest.c >&5
configure:9747: $? = 0
configure:9747: result: yes
configure:9747: checking sys/wait.h presence
configure:9747: gcc -E  conftest.c
configure:9747: $? = 0
configure:9747: result: yes
configure:9747: checking for sys/wait.h
configure:9747: result: yes
configure:9747: checking malloc.h usability
configure:9747: gcc -c -g -O2  conftest.c >&5
configure:9747: $? = 0
configure:9747: result: yes
configure:9747: checking malloc.h presence
configure:9747: gcc -E  conftest.c
configure:9747: $? = 0
configure:9747: result: yes
configure:9747: checking for malloc.h
configure:9747: result: yes
configure:9764: checking for bash
configure:9782: found /usr/bin/bash
configure:9794: result: /usr/bin/bash
configure:9810: checking for default search path for .pc files
configure:9828: result: ${libdir}/pkgconfig:${datadir}/pkgconfig:/usr/lib/pkgconfig:/usr/share/pkgconfig
configure:9832: checking for system include path to avoid -I flags
configure:9842: result: /usr/include
configure:9846: checking for system library path to avoid -L flags
configure:9866: result: /usr/lib:/lib
configure:9871: creating ./config.lt

## ------------------ ##
## Running config.lt. ##
## ------------------ ##
config.lt:623: creating libtool
use_indirect_deps=auto
configure:11166: checking whether to list both direct and indirect dependencies
configure:11184: result: no
configure:11199: checking for Win32
configure:11209: result: no
configure:11262: checking if prefix should be redefined at runtime
configure:11271: result: no
configure:11316: checking if internal glib should be used
configure:11319: result: yes
configure:11588: checking if host- prefixed tool should be installed
configure:11597: result: yes
configure:11711: checking that generated files are newer than configure
configure:11717: result: done
configure:11756: creating ./config.status

## ---------------------- ##
## Running config.status. ##
## ---------------------- ##

This file was extended by pkg-config config.status 0.29.2, which was
generated by GNU Autoconf 2.69.  Invocation command line was

  CONFIG_FILES    = 
  CONFIG_HEADERS  = 
  CONFIG_LINKS    = 
  CONFIG_COMMANDS = 
  $ ./config.status 

on JF5300-B11A165T

config.status:1115: creating Makefile
config.status:1115: creating pkg.m4
config.status:1115: creating check/Makefile
config.status:1115: creating check/config.sh
config.status:1115: creating config.h.win32
config.status:1115: creating config.h
config.status:1344: executing depfiles commands
config.status:1344: executing libtool commands
configure:13970: === configuring in glib (/original_pnp/f-stack/pkg-config-0.29.2/glib)
configure:14033: running /bin/sh ./configure --disable-option-checking '--prefix=/usr/local'  '--with-internal-glib' --cache-file=/dev/null --srcdir=.

## ---------------- ##
## Cache variables. ##
## ---------------- ##

ac_cv_build=x86_64-unknown-linux-gnu
ac_cv_c_compiler_gnu=yes
ac_cv_env_CC_set=
ac_cv_env_CC_value=
ac_cv_env_CFLAGS_set=
ac_cv_env_CFLAGS_value=
ac_cv_env_CPPFLAGS_set=
ac_cv_env_CPPFLAGS_value=
ac_cv_env_CPP_set=
ac_cv_env_CPP_value=
ac_cv_env_GLIB_CFLAGS_set=
ac_cv_env_GLIB_CFLAGS_value=
ac_cv_env_GLIB_LIBS_set=
ac_cv_env_GLIB_LIBS_value=
ac_cv_env_LDFLAGS_set=
ac_cv_env_LDFLAGS_value=
ac_cv_env_LIBS_set=
ac_cv_env_LIBS_value=
ac_cv_env_LT_SYS_LIBRARY_PATH_set=
ac_cv_env_LT_SYS_LIBRARY_PATH_value=
ac_cv_env_PKG_CONFIG_LIBDIR_set=
ac_cv_env_PKG_CONFIG_LIBDIR_value=
ac_cv_env_PKG_CONFIG_PATH_set=
ac_cv_env_PKG_CONFIG_PATH_value=
ac_cv_env_PKG_CONFIG_set=
ac_cv_env_PKG_CONFIG_value=
ac_cv_env_TESTS_SHELL_set=
ac_cv_env_TESTS_SHELL_value=
ac_cv_env_build_alias_set=
ac_cv_env_build_alias_value=
ac_cv_env_host_alias_set=
ac_cv_env_host_alias_value=
ac_cv_env_target_alias_set=
ac_cv_env_target_alias_value=
ac_cv_header_dirent_h=yes
ac_cv_header_dlfcn_h=yes
ac_cv_header_inttypes_h=yes
ac_cv_header_malloc_h=yes
ac_cv_header_memory_h=yes
ac_cv_header_stdc=yes
ac_cv_header_stdint_h=yes
ac_cv_header_stdlib_h=yes
ac_cv_header_string_h=yes
ac_cv_header_strings_h=yes
ac_cv_header_sys_stat_h=yes
ac_cv_header_sys_types_h=yes
ac_cv_header_sys_wait_h=yes
ac_cv_header_unistd_h=yes
ac_cv_host=x86_64-unknown-linux-gnu
ac_cv_objext=o
ac_cv_path_EGREP='/usr/bin/grep -E'
ac_cv_path_FGREP='/usr/bin/grep -F'
ac_cv_path_GREP=/usr/bin/grep
ac_cv_path_SED=/usr/bin/sed
ac_cv_path_TESTS_SHELL=/usr/bin/bash
ac_cv_path_install='/usr/bin/install -c'
ac_cv_path_lt_DD=/usr/bin/dd
ac_cv_path_mkdir=/usr/bin/mkdir
ac_cv_prog_AWK=gawk
ac_cv_prog_CPP='gcc -E'
ac_cv_prog_LN=ln
ac_cv_prog_ac_ct_AR=ar
ac_cv_prog_ac_ct_CC=gcc
ac_cv_prog_ac_ct_OBJDUMP=objdump
ac_cv_prog_ac_ct_RANLIB=ranlib
ac_cv_prog_ac_ct_STRIP=strip
ac_cv_prog_cc_c89=
ac_cv_prog_cc_g=yes
ac_cv_prog_make_make_set=yes
ac_cv_sys_file_offset_bits=no
ac_cv_sys_largefile_CC=no
am_cv_CC_dependencies_compiler_type=gcc3
am_cv_make_support_nested_variables=yes
am_cv_prog_cc_c_o=yes
lt_cv_ar_at_file=@
lt_cv_archive_cmds_need_lc=no
lt_cv_deplibs_check_method=pass_all
lt_cv_file_magic_cmd='$MAGIC_CMD'
lt_cv_file_magic_test_file=
lt_cv_ld_reload_flag=-r
lt_cv_nm_interface='BSD nm'
lt_cv_objdir=.libs
lt_cv_path_LD=/usr/bin/ld
lt_cv_path_NM='/usr/bin/nm -B'
lt_cv_path_mainfest_tool=no
lt_cv_prog_compiler_c_o=yes
lt_cv_prog_compiler_pic='-fPIC -DPIC'
lt_cv_prog_compiler_pic_works=yes
lt_cv_prog_compiler_rtti_exceptions=no
lt_cv_prog_compiler_static_works=no
lt_cv_prog_gnu_ld=yes
lt_cv_sharedlib_from_linklib_cmd='printf %s\n'
lt_cv_shlibpath_overrides_runpath=no
lt_cv_sys_global_symbol_pipe='sed -n -e '\''s/^.*[	 ]\([ABCDGIRSTW][ABCDGIRSTW]*\)[	 ][	 ]*\([_A-Za-z][_A-Za-z0-9]*\)$/\1 \2 \2/p'\'' | sed '\''/ __gnu_lto/d'\'''
lt_cv_sys_global_symbol_to_c_name_address='sed -n -e '\''s/^: \(.*\) .*$/  {"\1", (void *) 0},/p'\'' -e '\''s/^[ABCDGIRSTW][ABCDGIRSTW]* .* \(.*\)$/  {"\1", (void *) \&\1},/p'\'''
lt_cv_sys_global_symbol_to_c_name_address_lib_prefix='sed -n -e '\''s/^: \(.*\) .*$/  {"\1", (void *) 0},/p'\'' -e '\''s/^[ABCDGIRSTW][ABCDGIRSTW]* .* \(lib.*\)$/  {"\1", (void *) \&\1},/p'\'' -e '\''s/^[ABCDGIRSTW][ABCDGIRSTW]* .* \(.*\)$/  {"lib\1", (void *) \&\1},/p'\'''
lt_cv_sys_global_symbol_to_cdecl='sed -n -e '\''s/^T .* \(.*\)$/extern int \1();/p'\'' -e '\''s/^[ABCDGIRSTW][ABCDGIRSTW]* .* \(.*\)$/extern char \1;/p'\'''
lt_cv_sys_global_symbol_to_import=
lt_cv_sys_max_cmd_len=1572864
lt_cv_to_host_file_cmd=func_convert_file_noop
lt_cv_to_tool_file_cmd=func_convert_file_noop
lt_cv_truncate_bin='/usr/bin/dd bs=4096 count=1'

## ----------------- ##
## Output variables. ##
## ----------------- ##

    -I$(top_builddir)/glib/glib'
ACLOCAL='${SHELL} /original_pnp/f-stack/pkg-config-0.29.2/missing aclocal-1.15'
AMDEPBACKSLASH='\'
AMDEP_FALSE='#'
AMDEP_TRUE=''
AMTAR='$${TAR-tar}'
AM_BACKSLASH='\'
AM_DEFAULT_V='$(AM_DEFAULT_VERBOSITY)'
AM_DEFAULT_VERBOSITY='0'
AM_V='$(V)'
AR='ar'
AUTOCONF='${SHELL} /original_pnp/f-stack/pkg-config-0.29.2/missing autoconf'
AUTOHEADER='${SHELL} /original_pnp/f-stack/pkg-config-0.29.2/missing autoheader'
AUTOMAKE='${SHELL} /original_pnp/f-stack/pkg-config-0.29.2/missing automake-1.15'
AWK='gawk'
CC='gcc'
CCDEPMODE='depmode=gcc3'
CFLAGS='-g -O2'
CPP='gcc -E'
CPPFLAGS=''
CYGPATH_W='echo'
DEFS='-DHAVE_CONFIG_H'
DEPDIR='.deps'
DLLTOOL='false'
DSYMUTIL=''
DUMPBIN=''
ECHO_C=''
ECHO_N='-n'
ECHO_T=''
EGREP='/usr/bin/grep -E'
EXEEXT=''
FGREP='/usr/bin/grep -F'
GCOV=''
GCOV_CFLAGS=''
GLIB_CFLAGS='-I$(top_srcdir)/glib -I$(top_srcdir)/glib/glib \
GLIB_LIBS='$(top_builddir)/glib/glib/libglib-2.0.la'
GREP='/usr/bin/grep'
HOST_TOOL_FALSE='#'
HOST_TOOL_TRUE=''
INSTALL_DATA='${INSTALL} -m 644'
INSTALL_PROGRAM='${INSTALL}'
INSTALL_SCRIPT='${INSTALL}'
INSTALL_STRIP_PROGRAM='$(install_sh) -c -s'
INTERNAL_GLIB_FALSE='#'
INTERNAL_GLIB_TRUE=''
LD='/usr/bin/ld -m elf_x86_64'
LDFLAGS=''
LIBOBJS=''
LIBS=''
LIBTOOL='$(SHELL) $(top_builddir)/libtool'
LIPO=''
LN='ln'
LN_S='ln -s'
LTLIBOBJS=''
LT_SYS_LIBRARY_PATH=''
MAKEINFO='${SHELL} /original_pnp/f-stack/pkg-config-0.29.2/missing makeinfo'
MANIFEST_TOOL=':'
MKDIR_P='/usr/bin/mkdir -p'
NATIVE_WIN32_FALSE=''
NATIVE_WIN32_TRUE='#'
NM='/usr/bin/nm -B'
NMEDIT=''
OBJDUMP='objdump'
OBJEXT='o'
OTOOL64=''
OTOOL=''
PACKAGE='pkg-config'
PACKAGE_BUGREPORT='https://bugs.freedesktop.org/enter_bug.cgi?product=pkg-config'
PACKAGE_NAME='pkg-config'
PACKAGE_STRING='pkg-config 0.29.2'
PACKAGE_TARNAME='pkg-config'
PACKAGE_URL=''
PACKAGE_VERSION='0.29.2'
PATH_SEPARATOR=':'
PKG_CONFIG=''
PKG_CONFIG_LIBDIR=''
PKG_CONFIG_PATH=''
RANLIB='ranlib'
SED='/usr/bin/sed'
SET_MAKE=''
SHELL='/bin/sh'
STRIP='strip'
TESTS_PKG_CONFIG='${top_builddir}/pkg-config${EXEEXT}'
TESTS_SHELL='/usr/bin/bash'
VERSION='0.29.2'
WARN_CFLAGS='-g -Wall -O2'
WINE=''
ac_ct_AR='ar'
ac_ct_CC='gcc'
ac_ct_DUMPBIN=''
am__EXEEXT_FALSE=''
am__EXEEXT_TRUE='#'
am__fastdepCC_FALSE='#'
am__fastdepCC_TRUE=''
am__include='include'
am__isrc=''
am__leading_dot='.'
am__nodep='_no'
am__quote=''
am__tar='$${TAR-tar} chof - "$$tardir"'
am__untar='$${TAR-tar} xf -'
bindir='${exec_prefix}/bin'
build='x86_64-unknown-linux-gnu'
build_alias=''
build_cpu='x86_64'
build_os='linux-gnu'
build_vendor='unknown'
datadir='${datarootdir}'
datarootdir='${prefix}/share'
docdir='${datarootdir}/doc/${PACKAGE_TARNAME}'
dvidir='${docdir}'
exec_prefix='${prefix}'
host='x86_64-unknown-linux-gnu'
host_alias=''
host_cpu='x86_64'
host_os='linux-gnu'
host_vendor='unknown'
htmldir='${docdir}'
includedir='${prefix}/include'
infodir='${datarootdir}/info'
install_sh='${SHELL} /original_pnp/f-stack/pkg-config-0.29.2/install-sh'
libdir='${exec_prefix}/lib'
libexecdir='${exec_prefix}/libexec'
localedir='${datarootdir}/locale'
localstatedir='${prefix}/var'
mandir='${datarootdir}/man'
mkdir_p='$(MKDIR_P)'
native_win32='no'
oldincludedir='/usr/include'
pc_path='${libdir}/pkgconfig:${datadir}/pkgconfig:/usr/lib/pkgconfig:/usr/share/pkgconfig'
pdfdir='${docdir}'
prefix='/usr/local'
program_transform_name='s,x,x,'
psdir='${docdir}'
sbindir='${exec_prefix}/sbin'
sharedstatedir='${prefix}/com'
subdirs=' glib'
sysconfdir='${prefix}/etc'
system_include_path='/usr/include'
system_library_path='/usr/lib:/lib'
target_alias=''
use_indirect_deps='no'

## ----------- ##
## confdefs.h. ##
## ----------- ##

/* confdefs.h */
#define PACKAGE_NAME "pkg-config"
#define PACKAGE_TARNAME "pkg-config"
#define PACKAGE_VERSION "0.29.2"
#define PACKAGE_STRING "pkg-config 0.29.2"
#define PACKAGE_BUGREPORT "https://bugs.freedesktop.org/enter_bug.cgi?product=pkg-config"
#define PACKAGE_URL ""
#define PACKAGE "pkg-config"
#define VERSION "0.29.2"
#define STDC_HEADERS 1
#define HAVE_SYS_TYPES_H 1
#define HAVE_SYS_STAT_H 1
#define HAVE_STDLIB_H 1
#define HAVE_STRING_H 1
#define HAVE_MEMORY_H 1
#define HAVE_STRINGS_H 1
#define HAVE_INTTYPES_H 1
#define HAVE_STDINT_H 1
#define HAVE_UNISTD_H 1
#define HAVE_DLFCN_H 1
#define LT_OBJDIR ".libs/"
#define HAVE_DIRENT_H 1
#define HAVE_UNISTD_H 1
#define HAVE_SYS_WAIT_H 1
#define HAVE_MALLOC_H 1
#define ENABLE_INDIRECT_DEPS FALSE
#define ENABLE_DEFINE_PREFIX FALSE

configure: exit 0
